<?xml version="1.0" encoding="UTF-8"?>
<!-- Generated by org.testng.reporters.JUnitReportReporter -->
<testsuite hostname="HYDPCM156681L" failures="0" tests="1" name="MyStoreProject.MyStoreProjectE2E.fieldglass" time="15.194" errors="0" timestamp="2020-11-19T11:16:13 IST" skipped="0">
  <testcase classname="MyStoreProject.MyStoreProjectE2E.fieldglass" name="fieldglassfill" time="15.194"/>
  <system-out/>
</testsuite> <!-- MyStoreProject.MyStoreProjectE2E.fieldglass -->
