<?xml version="1.0" encoding="UTF-8"?>
<!-- Generated by org.testng.reporters.JUnitReportReporter -->
<testsuite hostname="HYDPCM156681L" failures="0" tests="7" name="MyStoreProject.MyStoreProjectE2E.placeOrder" time="46.456" errors="0" timestamp="2020-12-01T15:26:24 IST" skipped="0">
  <testcase classname="MyStoreProject.MyStoreProjectE2E.placeOrder" name="checkOutAndvalidateTotalPrice" time="3.952"/>
  <system-out/>
  <testcase classname="MyStoreProject.MyStoreProjectE2E.placeOrder" name="validatePaymentPage" time="3.164"/>
  <system-out/>
  <testcase classname="MyStoreProject.MyStoreProjectE2E.placeOrder" name="AddProductToTheCart" time="10.688"/>
  <system-out/>
  <testcase classname="MyStoreProject.MyStoreProjectE2E.placeOrder" name="validateAddressPage" time="3.037"/>
  <system-out/>
  <testcase classname="MyStoreProject.MyStoreProjectE2E.placeOrder" name="validateLogin" time="18.933"/>
  <system-out/>
  <testcase classname="MyStoreProject.MyStoreProjectE2E.placeOrder" name="searchProductAndCheckAvailability" time="3.999"/>
  <system-out/>
  <testcase classname="MyStoreProject.MyStoreProjectE2E.placeOrder" name="validateShippingPage" time="2.683"/>
  <system-out/>
</testsuite> <!-- MyStoreProject.MyStoreProjectE2E.placeOrder -->
