<?xml version="1.0" encoding="UTF-8"?>
<!-- Generated by org.testng.reporters.JUnitReportReporter -->
<testsuite hostname="HYDPCM156681L" failures="0" tests="1" name="MyStoreProject.MyStoreProjectE2E.sample" time="21.489" errors="0" timestamp="2020-11-14T21:02:17 IST" skipped="0">
  <testcase classname="MyStoreProject.MyStoreProjectE2E.sample" name="test1" time="21.489"/>
  <system-out/>
</testsuite> <!-- MyStoreProject.MyStoreProjectE2E.sample -->
