<?xml version="1.0" encoding="UTF-8"?>
<!-- Generated by org.testng.reporters.JUnitReportReporter -->
<testsuite hostname="HYDPCM156681L" failures="0" tests="2" name="MyStoreProject.MyStoreProjectE2E.TestFailureAndSkip" time="0.008" errors="0" timestamp="2020-12-01T11:40:08 IST" skipped="1">
  <testcase classname="MyStoreProject.MyStoreProjectE2E.TestFailureAndSkip" name="TestSkip" time="0.008"/>
  <system-out/>
  <testcase classname="MyStoreProject.MyStoreProjectE2E.TestFailureAndSkip" name="TestFailure">
    <skipped/>
  </testcase> <!-- TestFailure -->
  <system-out/>
</testsuite> <!-- MyStoreProject.MyStoreProjectE2E.TestFailureAndSkip -->
