<?xml version="1.0" encoding="UTF-8"?>
<!-- Generated by org.testng.reporters.JUnitReportReporter -->
<testsuite hostname="HYDPCM156681L" failures="0" tests="1" name="MyStoreProject.MyStoreProjectE2E.ValidateAddressPage" time="15.755" errors="0" timestamp="2020-11-20T13:44:55 IST" skipped="0">
  <testcase classname="MyStoreProject.MyStoreProjectE2E.ValidateAddressPage" name="validateAddressPage" time="15.755"/>
  <system-out/>
</testsuite> <!-- MyStoreProject.MyStoreProjectE2E.ValidateAddressPage -->
