<?xml version="1.0" encoding="UTF-8"?>
<!-- Generated by org.testng.reporters.JUnitReportReporter -->
<testsuite hostname="HYDPCM156681L" failures="0" tests="8" name="MyStoreProject.MyStoreProjectE2E.CreateMyStoreAccount" time="43.312" errors="0" timestamp="2020-11-15T18:38:23 IST" skipped="0">
  <testcase classname="MyStoreProject.MyStoreProjectE2E.CreateMyStoreAccount" name="validatePaymentPage" time="5.727"/>
  <system-out/>
  <testcase classname="MyStoreProject.MyStoreProjectE2E.CreateMyStoreAccount" name="checkOutAndvalidateTotalPrice" time="5.806"/>
  <system-out/>
  <testcase classname="MyStoreProject.MyStoreProjectE2E.CreateMyStoreAccount" name="validateAddressPage" time="3.018"/>
  <system-out/>
  <testcase classname="MyStoreProject.MyStoreProjectE2E.CreateMyStoreAccount" name="placeTheOrder" time="0.003"/>
  <system-out/>
  <testcase classname="MyStoreProject.MyStoreProjectE2E.CreateMyStoreAccount" name="validateLogin" time="11.646"/>
  <system-out/>
  <testcase classname="MyStoreProject.MyStoreProjectE2E.CreateMyStoreAccount" name="AddProductToTheCart" time="7.724"/>
  <system-out/>
  <testcase classname="MyStoreProject.MyStoreProjectE2E.CreateMyStoreAccount" name="searchProductAndCheckAvailability" time="5.640"/>
  <system-out/>
  <testcase classname="MyStoreProject.MyStoreProjectE2E.CreateMyStoreAccount" name="validateShippingPage" time="3.748"/>
  <system-out/>
</testsuite> <!-- MyStoreProject.MyStoreProjectE2E.CreateMyStoreAccount -->
